<?xml version="1.0" encoding="UTF-8"?>
<!-- Generated by org.testng.reporters.JUnitReportReporter -->
<testsuite hostname="MUMTEST-YOGESH" failures="0" tests="1" name="Read_Capcha.Handle_Capcha_3" time="12.105" errors="0" timestamp="2022-01-25T13:05:45 IST" skipped="0">
  <testcase classname="Read_Capcha.Handle_Capcha_3" name="test" time="12.105"/>
  <system-out/>
</testsuite> <!-- Read_Capcha.Handle_Capcha_3 -->
