<?xml version="1.0" encoding="UTF-8"?>
<!-- Generated by org.testng.reporters.JUnitReportReporter -->
<testsuite hostname="MUMTEST-YOGESH" failures="0" tests="1" name="Read_Capcha.Handle_capcha_2" time="25.278" errors="0" timestamp="2022-01-24T11:59:45 IST" skipped="0">
  <testcase classname="Read_Capcha.Handle_capcha_2" name="test" time="25.278"/>
  <system-out/>
</testsuite> <!-- Read_Capcha.Handle_capcha_2 -->
