<?xml version="1.0" encoding="UTF-8"?>
<!-- Generated by org.testng.reporters.JUnitReportReporter -->
<testsuite hostname="MUMTEST-YOGESH" failures="0" tests="1" name="Read_Capcha.Handle_capcha_1" time="61.686" errors="0" timestamp="2022-01-27T12:45:52 IST" skipped="0">
  <testcase classname="Read_Capcha.Handle_capcha_1" name="test" time="61.686"/>
  <system-out/>
</testsuite> <!-- Read_Capcha.Handle_capcha_1 -->
