<?xml version="1.0" encoding="UTF-8"?>
<!-- Generated by org.testng.reporters.JUnitReportReporter -->
<testsuite hostname="MUMTEST-YOGESH" failures="0" tests="1" name="Read_Capcha.Handle_Capcha_4" time="27.870" errors="0" timestamp="2022-01-25T13:04:53 IST" skipped="0">
  <testcase classname="Read_Capcha.Handle_Capcha_4" name="test" time="27.870"/>
  <system-out/>
</testsuite> <!-- Read_Capcha.Handle_Capcha_4 -->
