<?xml version="1.0" encoding="UTF-8"?>
<!-- Generated by org.testng.reporters.JUnitReportReporter -->
<testsuite hostname="MUMTEST-YOGESH" failures="0" tests="1" name="Read_Capcha.Handle_capcha_1" time="62.308" errors="0" timestamp="2022-02-01T14:41:53 IST" skipped="0">
  <testcase classname="Read_Capcha.Handle_capcha_1" name="test" time="62.308"/>
  <system-out/>
</testsuite> <!-- Read_Capcha.Handle_capcha_1 -->
